Log file open, 07/11/17 21:02:06
LogInit:Display: Running engine for game: mechaCity
LogPlatformFile: Not using cached read wrapper
LogInit:Display: RandInit(1387361119) SRandInit(1387361119).
LogTaskGraph: Started task graph with 5 named threads and 8 total threads with 1 sets of task threads.
LogStats: Stats thread started at 0.526865
LogInit: Using libcurl 7.47.1
LogInit:  - built for x86_64-pc-win32
LogInit:  - supports SSL with OpenSSL/1.0.2g
LogInit:  - supports HTTP deflate (compression) using libz 1.2.8
LogInit:  - other features:
LogInit:      CURL_VERSION_SSL
LogInit:      CURL_VERSION_LIBZ
LogInit:      CURL_VERSION_IPV6
LogInit:      CURL_VERSION_ASYNCHDNS
LogInit:      CURL_VERSION_LARGEFILE
LogInit:      CURL_VERSION_IDN
LogInit:  CurlRequestOptions (configurable via config and command line):
LogInit:  - bVerifyPeer = false  - Libcurl will NOT verify peer certificate
LogInit:  - bUseHttpProxy = false  - Libcurl will NOT use HTTP proxy
LogInit:  - bDontReuseConnections = false  - Libcurl will reuse connections
LogInit:  - CertBundlePath = nullptr  - Libcurl will use whatever was configured at build time.
LogInit: Build: ++UE4+Release-4.16-CL-3514769
LogInit: Engine Version: 4.16.2-3514769+++UE4+Release-4.16
LogInit: Compatible Engine Version: 4.16.0-3452394+++UE4+Release-4.16
LogInit: Net CL: 3452394
LogDevObjectVersion: Number of dev versions registered: 16
LogDevObjectVersion:   Dev-Blueprints (B0D832E4-1F89-4F0D-ACCF-7EB736FD4AA2): 9
LogDevObjectVersion:   Dev-Build (E1C64328-A22C-4D53-A36C-8E866417BD8C): 0
LogDevObjectVersion:   Dev-Core (375EC13C-06E4-48FB-B500-84F0262A717E): 2
LogDevObjectVersion:   Dev-Editor (E4B068ED-F494-42E9-A231-DA0B2E46BB41): 17
LogDevObjectVersion:   Dev-Framework (CFFC743F-43B0-4480-9391-14DF171D2073): 23
LogDevObjectVersion:   Dev-Mobile (B02B49B5-BB20-44E9-A304-32B752E40360): 0
LogDevObjectVersion:   Dev-Networking (A4E4105C-59A1-49B5-A7C5-40C4547EDFEE): 0
LogDevObjectVersion:   Dev-Online (39C831C9-5AE6-47DC-9A44-9C173E1C8E7C): 0
LogDevObjectVersion:   Dev-Physics (78F01B33-EBEA-4F98-B9B4-84EACCB95AA2): 0
LogDevObjectVersion:   Dev-Platform (6631380F-2D4D-43E0-8009-CF276956A95A): 0
LogDevObjectVersion:   Dev-Rendering (12F88B9F-8875-4AFC-A67C-D90C383ABD29): 15
LogDevObjectVersion:   Dev-Sequencer (7B5AE74C-D270-4C10-A958-57980B212A5A): 4
LogDevObjectVersion:   Dev-VR (D7296918-1DD6-4BDD-9DE2-64A83CC13884): 0
LogDevObjectVersion:   Dev-LoadTimes (C2A15278-BFE7-4AFE-6C17-90FF531DF755): 1
LogDevObjectVersion:   Private-Geometry (6EACA3D4-40EC-4CC1-B786-8BED09428FC5): 1
LogDevObjectVersion:   Dev-AnimPhys (29E575DD-E0A3-4627-9D10-D276232CDCEA): 3
LogInit: Compiled (64-bit): Jun 29 2017 02:03:24
LogInit: Compiled with Visual C++: 19.00.24215.01
LogInit: Build Configuration: Development
LogInit: Branch Name: ++UE4+Release-4.16
LogInit: Command line:  
LogInit: Base directory: C:/Program Files/Epic Games/UE_4.16/Engine/Binaries/Win64/
LogInit: Installed Engine Build: 1
LogInit: Presizing for max 8388607 objects, including 0 objects not considered by GC, pre-allocating 0 bytes for permanent pool.
LogInit: Object subsystem initialized
[2017.07.11-19.02.07:207][  0]LogInit: Selected Device Profile: [Windows]
[2017.07.11-19.02.07:207][  0]LogInit: Applying CVar settings loaded from the selected device profile: [Windows]
[2017.07.11-19.02.07:244][  0]LogInit: Computer: UTILISATEUR-PC
[2017.07.11-19.02.07:244][  0]LogInit: User: Utilisateur
[2017.07.11-19.02.07:244][  0]LogInit: CPU Page size=4096, Cores=4
[2017.07.11-19.02.07:244][  0]LogInit: High frequency timer resolution =3.515703 MHz
[2017.07.11-19.02.07:245][  0]LogMemory: Memory total: Physical=16.0GB (16GB approx)
[2017.07.11-19.02.07:245][  0]LogMemory: Platform Memory Stats for Windows
[2017.07.11-19.02.07:245][  0]LogMemory: Process Physical Memory: 275.75 MB used, 275.75 MB peak
[2017.07.11-19.02.07:245][  0]LogMemory: Process Virtual Memory: 264.00 MB used, 264.00 MB peak
[2017.07.11-19.02.07:245][  0]LogMemory: Physical Memory: 7944.64 MB used,  8391.11 MB free, 16335.75 MB total
[2017.07.11-19.02.07:245][  0]LogMemory: Virtual Memory: 622.63 MB used,  8391.11 MB free, 8388608.00 MB total
[2017.07.11-19.02.07:494][  0]LogInit: Using OS detected language (fr-FR).
[2017.07.11-19.02.07:494][  0]LogInit: Using OS detected locale (fr-FR).
[2017.07.11-19.02.07:541][  0]LogTextLocalizationManager: No localization for 'fr-FR' exists, so 'en' will be used for the language.
[2017.07.11-19.02.07:541][  0]LogTextLocalizationManager: No localization for 'fr-FR' exists, so 'en' will be used for the locale.
[2017.07.11-19.02.09:925][  0]LogD3D11RHI: D3D11 adapters:
[2017.07.11-19.02.09:987][  0]LogD3D11RHI:    0. 'NVIDIA GeForce GTX 760' (Feature Level 11_0)
[2017.07.11-19.02.09:987][  0]LogD3D11RHI:       1990/0/2048 MB DedicatedVideo/DedicatedSystem/SharedSystem, Outputs:1, VendorId:0x10de
[2017.07.11-19.02.09:987][  0]LogD3D11RHI: Chosen D3D11 Adapter: 0
[2017.07.11-19.02.09:991][  0]LogD3D11RHI: Creating new Direct3DDevice
[2017.07.11-19.02.09:991][  0]LogD3D11RHI:     GPU DeviceId: 0x1187 (for the marketing name, search the web for "GPU Device Id")
[2017.07.11-19.02.09:991][  0]LogWindows: EnumDisplayDevices:
[2017.07.11-19.02.09:991][  0]LogWindows:    0. 'NVIDIA GeForce GTX 760' (P:1 D:1)
[2017.07.11-19.02.09:991][  0]LogWindows:    1. 'NVIDIA GeForce GTX 760' (P:0 D:0)
[2017.07.11-19.02.09:991][  0]LogWindows:    2. 'NVIDIA GeForce GTX 760' (P:0 D:0)
[2017.07.11-19.02.09:991][  0]LogWindows:    3. 'NVIDIA GeForce GTX 760' (P:0 D:0)
[2017.07.11-19.02.09:991][  0]LogWindows:    4. 'RDPDD Chained DD' (P:0 D:0)
[2017.07.11-19.02.09:991][  0]LogWindows:    5. 'RDP Encoder Mirror Driver' (P:0 D:0)
[2017.07.11-19.02.09:991][  0]LogWindows:    6. 'RDP Reflector Display Driver' (P:0 D:0)
[2017.07.11-19.02.09:992][  0]LogWindows: DebugString: GetVideoDriverDetailsInvalid PrimaryIsNotTheChoosenAdapter GetVideoDriverDetailsInvalid PrimaryIsNotTheChoosenAdapter GetVideoDriverDetailsInvalid PrimaryIsNotTheChoosenAdapter FoundDriverCount:4 
[2017.07.11-19.02.09:992][  0]LogD3D11RHI:     Adapter Name: NVIDIA GeForce GTX 760
[2017.07.11-19.02.09:992][  0]LogD3D11RHI:   Driver Version: 353.06 (internal:9.18.13.5306, unified:353.06)
[2017.07.11-19.02.09:992][  0]LogD3D11RHI:      Driver Date: 5-27-2015
[2017.07.11-19.02.09:992][  0]LogRHI: Texture pool is 1361 MB (70% of 1945 MB)
[2017.07.11-19.02.09:998][  0]LogD3D11RHI: NvAPI_D3D_GetCurrentSLIState failed: 0xfffffff7
[2017.07.11-19.02.09:998][  0]LogD3D11RHI: Async texture creation enabled
[2017.07.11-19.02.10:022][  0]LogD3D11RHI: GPU Timing Frequency: 1000.000000 (Debug: 2 2)
[2017.07.11-19.02.10:027][  0]LogShaderCompilers: Guid format shader working directory is 20 characters bigger than the processId version (E:/documents/mechaCity/mechaCity/Intermediate/Shaders/WorkingDirectory/6332/).
[2017.07.11-19.02.10:027][  0]LogShaderCompilers: Cleaned the shader compiler working directory 'C:/Users/Utilisateur/AppData/Local/Temp/UnrealShaderWorkingDir/265A27B04382E695F6DDA581075C4D26/'.
[2017.07.11-19.02.10:027][  0]LogShaderCompilers:Display: Using Local Shader Compiler.
[2017.07.11-19.02.12:681][  0]LogTemp:Display: Loaded TP AllDesktopTargetPlatform
[2017.07.11-19.02.12:731][  0]LogTemp:Display: Loaded TP MacClientTargetPlatform
[2017.07.11-19.02.12:770][  0]LogTemp:Display: Loaded TP MacNoEditorTargetPlatform
[2017.07.11-19.02.12:805][  0]LogTemp:Display: Loaded TP MacServerTargetPlatform
[2017.07.11-19.02.12:848][  0]LogTemp:Display: Loaded TP MacTargetPlatform
[2017.07.11-19.02.12:892][  0]LogTemp:Display: Loaded TP WindowsClientTargetPlatform
[2017.07.11-19.02.12:928][  0]LogTemp:Display: Loaded TP WindowsNoEditorTargetPlatform
[2017.07.11-19.02.12:974][  0]LogTemp:Display: Loaded TP WindowsServerTargetPlatform
[2017.07.11-19.02.13:010][  0]LogTemp:Display: Loaded TP WindowsTargetPlatform
[2017.07.11-19.02.13:048][  0]LogTemp:Display: Loaded TP AndroidTargetPlatform
[2017.07.11-19.02.13:088][  0]LogTemp:Display: Loaded TP Android_ASTCTargetPlatform
[2017.07.11-19.02.13:127][  0]LogTemp:Display: Loaded TP Android_ATCTargetPlatform
[2017.07.11-19.02.13:167][  0]LogTemp:Display: Loaded TP Android_DXTTargetPlatform
[2017.07.11-19.02.13:203][  0]LogTemp:Display: Loaded TP Android_ETC1TargetPlatform
[2017.07.11-19.02.13:242][  0]LogTemp:Display: Loaded TP Android_ETC2TargetPlatform
[2017.07.11-19.02.13:312][  0]LogTemp:Display: Loaded TP Android_MultiTargetPlatform
[2017.07.11-19.02.13:312][  0]LogTemp:Display: Loaded TP Android_PVRTCTargetPlatform
[2017.07.11-19.02.13:340][  0]LogTemp:Display: Loaded TP HTML5TargetPlatform
[2017.07.11-19.02.13:425][  0]LogTemp:Display: Loaded TP IOSTargetPlatform
[2017.07.11-19.02.13:447][  0]LogTemp:Display: Loaded TP TVOSTargetPlatform
[2017.07.11-19.02.13:482][  0]LogTemp:Display: Loaded TP LinuxClientTargetPlatform
[2017.07.11-19.02.13:517][  0]LogTemp:Display: Loaded TP LinuxNoEditorTargetPlatform
[2017.07.11-19.02.13:553][  0]LogTemp:Display: Loaded TP LinuxServerTargetPlatform
[2017.07.11-19.02.13:593][  0]LogTemp:Display: Loaded TP LinuxTargetPlatform
[2017.07.11-19.02.13:593][  0]LogTargetPlatformManager:Display: Building Assets For Windows
[2017.07.11-19.02.14:031][  0]LogDerivedDataCache:Display: Max Cache Size: 512 MB
[2017.07.11-19.02.14:741][  0]LogDerivedDataCache: Loaded boot cache 0.71s 90MB C:/Users/Utilisateur/AppData/Local/UnrealEngine/4.16/DerivedDataCache/Boot.ddc.
[2017.07.11-19.02.14:741][  0]LogDerivedDataCache:Display: Loaded Boot cache: C:/Users/Utilisateur/AppData/Local/UnrealEngine/4.16/DerivedDataCache/Boot.ddc
[2017.07.11-19.02.14:741][  0]LogDerivedDataCache: FDerivedDataBackendGraph:  Pak pak cache file E:/documents/mechaCity/mechaCity/DerivedDataCache/DDC.ddp not found, will not use a pak cache.
[2017.07.11-19.02.14:741][  0]LogDerivedDataCache: Unable to find inner node Pak for hierarchical cache Hierarchy.
[2017.07.11-19.02.14:741][  0]LogDerivedDataCache: FDerivedDataBackendGraph:  CompressedPak pak cache file E:/documents/mechaCity/mechaCity/DerivedDataCache/Compressed.ddp not found, will not use a pak cache.
[2017.07.11-19.02.14:741][  0]LogDerivedDataCache: Unable to find inner node CompressedPak for hierarchical cache Hierarchy.
[2017.07.11-19.02.14:764][  0]LogDerivedDataCache:Display: Pak cache opened for reading ../../../Engine/DerivedDataCache/Compressed.ddp.
[2017.07.11-19.02.14:775][  0]LogDerivedDataCache: Using Local data cache path C:/Users/Utilisateur/AppData/Local/UnrealEngine/Common/DerivedDataCache: Writable
[2017.07.11-19.02.14:785][  0]LogMaterial: Verifying Global Shaders for PCD3D_SM5
[2017.07.11-19.02.14:789][  0]LogSlate: Using Freetype 2.6.0
[2017.07.11-19.02.14:799][  0]LogSlate: SlateFontCache - WITH_FREETYPE: 1, WITH_HARFBUZZ: 1
[2017.07.11-19.02.14:799][  0]LogSlate: SlateFontCache - WITH_FREETYPE: 1, WITH_HARFBUZZ: 1
[2017.07.11-19.02.15:621][  0]LogInit: Selected Device Profile: [Windows]
[2017.07.11-19.02.15:631][  0]LogContentStreaming: Texture pool size is 0.00 MB
[2017.07.11-19.02.15:929][  0]LogMeshUtilities: Using QuadricMeshReduction for automatic static mesh reduction
[2017.07.11-19.02.15:966][  0]LogSimplygon: Simplygon DLL not present - disabling.
[2017.07.11-19.02.15:999][  0]LogMeshUtilities: Using SimplygonSwarm for distributed automatic mesh merging
[2017.07.11-19.02.15:999][  0]LogMeshUtilities: No automatic skeletal mesh reduction module available
[2017.07.11-19.02.15:999][  0]LogMeshUtilities: No automatic mesh merging module available
[2017.07.11-19.02.16:954][  0]LogNetVersion: mechaCity , NetCL: 3452394, EngineNetVer: 2, GameNetVer: 0 (Checksum: 1633651577)
[2017.07.11-19.02.17:033][  0]LogAssetRegistry: FAssetRegistry took 0.0251 seconds to start up
[2017.07.11-19.02.17:108][  0]LogPackageLocalizationCache: Processed 4 localized package path(s) for 1 prioritized culture(s) in 0.059902 seconds
[2017.07.11-19.02.17:112][  0]LogUObjectArray: 34194 objects as part of root set at end of initial load.
[2017.07.11-19.02.17:112][  0]LogUObjectAllocator: 7260424 out of 0 bytes used by permanent object pool.
[2017.07.11-19.02.17:112][  0]LogUObjectArray: CloseDisregardForGC: 0/0 objects in disregard for GC pool
[2017.07.11-19.02.17:157][  0]LogInit: WinSock: version 1.1 (2.2), MaxSocks=32767, MaxUdp=65467
[2017.07.11-19.02.20:925][  0]LogTcpMessaging: Initializing TcpMessaging bridge
[2017.07.11-19.02.20:957][  0]LogUdpMessaging: Initializing bridge on interface 0.0.0.0:0 to multicast group 230.0.0.1:6666.
[2017.07.11-19.02.21:497][  0]LogMaterial: Uniform references updated for custom material expression Custom.
[2017.07.11-19.02.21:917][  0]SourceControl: Info Source control is disabled
[2017.07.11-19.02.22:131][  0]SourceControl: Info Source control is disabled
[2017.07.11-19.02.22:170][  0]SourceControl: Info Source control is disabled
[2017.07.11-19.02.22:208][  0]SourceControl: Info Source control is disabled
[2017.07.11-19.02.22:755][  0]LogAndroidPermission: UAndroidPermissionCallbackProxy::GetInstance
[2017.07.11-19.02.23:234][  0]LogEngine: Initializing Engine...
[2017.07.11-19.02.23:235][  0]LogHMD: Failed to initialize OpenVR with code 110
[2017.07.11-19.02.23:563][  0]LogStats: UGameplayTagsManager::ConstructGameplayTagTree: Construct from data asset -  0.000 s
[2017.07.11-19.02.23:563][  0]LogStats: UGameplayTagsManager::ConstructGameplayTagTree: GameplayTagTreeChangedEvent.Broadcast -  0.000 s
[2017.07.11-19.02.23:682][  0]LogAIModule: Creating AISystem for world Untitled
[2017.07.11-19.02.23:697][  0]LogInit: XAudio2 using 'Haut-parleurs (Realtek High Definition Audio)' : 2 channels at 48 kHz using 32 bits per sample (channel mask 0x3)
[2017.07.11-19.02.23:707][  0]LogInit: FAudioDevice initialized.
[2017.07.11-19.02.23:748][  0]LogDerivedDataCache: Saved boot cache 0.04s 90MB C:/Users/Utilisateur/AppData/Local/UnrealEngine/4.16/DerivedDataCache/Boot.ddc.
[2017.07.11-19.02.23:756][  0]LogInit: Texture streaming: Enabled
[2017.07.11-19.02.23:825][  0]LogEngineSessionManager: EngineSessionManager initialized
[2017.07.11-19.02.27:483][  0]LogInit: Transaction tracking system initialized
[2017.07.11-19.02.27:745][  0]BlueprintLog: New page: Editor Load
[2017.07.11-19.02.28:530][  0]LocalizationService: Info Localization service is disabled
[2017.07.11-19.02.29:090][  0]LogConsoleResponse:Display: 
[2017.07.11-19.02.29:456][  0]LogFileCache: Scanning file cache for directory 'E:/documents/mechaCity/mechaCity/Content/' took 0.01s
[2017.07.11-19.02.29:456][  0]LogCook:Display: Max memory allowance for cook 16384mb min free memory 0mb
[2017.07.11-19.02.29:456][  0]LogCook:Display: Mobile HDR setting 1
[2017.07.11-19.02.30:294][  0]SourceControl: Info Source control is disabled
[2017.07.11-19.02.30:295][  0]Cmd: MAP LOAD FILE="../../../Engine/Content/Maps/Templates/Template_Default.umap" TEMPLATE=1 SHOWPROGRESS=1 FEATURELEVEL=3
[2017.07.11-19.02.30:300][  0]LightingResults: New page: Lighting Build
[2017.07.11-19.02.30:332][  0]MapCheck: New page: Map Check
[2017.07.11-19.02.30:332][  0]LightingResults: New page: Lighting Build
[2017.07.11-19.02.30:583][  0]LogAIModule: Creating AISystem for world Untitled_1
[2017.07.11-19.02.30:585][  0]LogActorComponent: RegisterComponentWithWorld: (/Temp/Untitled_1.Untitled_1:PersistentLevel.WorldSettings_1.StaticMeshComponent0) Trying to register component with IsPendingKill() == true. Aborting.
[2017.07.11-19.02.30:605][  0]LogEditorServer: Finished looking for orphan Actors (0.000 secs)
[2017.07.11-19.02.30:619][  0]Cmd: MAP CHECKDEP NOCLEARLOG
[2017.07.11-19.02.30:654][  0]MapCheck: Info Map check complete: 0 Error(s), 0 Warning(s), took 35.281ms to complete.
[2017.07.11-19.02.30:654][  0]LogFileHelpers: Loading map 'Template_Default' took 0.360
[2017.07.11-19.02.30:827][  0]LogCollectionManager: Loaded 0 collections in 0.001208 seconds
[2017.07.11-19.02.30:905][  0]LogFileCache: Scanning file cache for directory 'E:/documents/mechaCity/mechaCity/Saved/Collections/' took 0.01s
[2017.07.11-19.02.30:905][  0]LogFileCache: Scanning file cache for directory 'E:/documents/mechaCity/mechaCity/Content/Developers/Utilisateur/Collections/' took 0.01s
[2017.07.11-19.02.30:905][  0]LogFileCache: Scanning file cache for directory 'E:/documents/mechaCity/mechaCity/Content/Collections/' took 0.01s
[2017.07.11-19.02.30:905][  0]LogCollectionManager: Rebuilt the GUID cache for 0 collections in 0.000001 seconds
[2017.07.11-19.02.30:913][  0]LogContentBrowser: Native class hierarchy populated in 0.0077 seconds. Added 2329 classes and 491 folders.
[2017.07.11-19.02.30:965][  0]LogContentBrowser: Native class hierarchy updated for 'WidgetCarousel' in 0.0005 seconds. Added 0 classes and 0 folders.
[2017.07.11-19.02.31:314][  0]LogContentBrowser: Native class hierarchy updated for 'AddContentDialog' in 0.0005 seconds. Added 0 classes and 0 folders.
[2017.07.11-19.02.31:353][  0]LogContentBrowser: Native class hierarchy updated for 'SceneOutliner' in 0.0005 seconds. Added 1 classes and 2 folders.
[2017.07.11-19.02.31:416][  0]LogCrashTracker: Crashtracker disabled due to settings.
[2017.07.11-19.02.31:429][  0]LogSlate: Took 0.004228 seconds to synchronously load lazily loaded font '../../../Engine/Content/Slate/Fonts/Roboto-Regular.ttf' (155K)
[2017.07.11-19.02.31:434][  0]LogSlate: Took 0.003754 seconds to synchronously load lazily loaded font '../../../Engine/Content/Slate/Fonts/Roboto-Bold.ttf' (160K)
[2017.07.11-19.02.31:444][  0]LogSlate: Took 0.004523 seconds to synchronously load lazily loaded font '../../../Engine/Content/Editor/Slate/Fonts/FontAwesome.ttf' (139K)
[2017.07.11-19.02.31:572][  0]LogRenderer: Reallocating scene render targets to support 1208x576 NumSamples 1 (Frame:1).
[2017.07.11-19.02.31:710][  0]LogUObjectGlobals:Warning: Failed to find object 'Class None.'
[2017.07.11-19.02.31:766][  0]LogContentBrowser: Native class hierarchy updated for 'HierarchicalLODOutliner' in 0.0005 seconds. Added 1 classes and 2 folders.
[2017.07.11-19.02.31:767][  0]LogLoad: (Engine Initialization) Total time: 27.55 seconds
[2017.07.11-19.02.31:767][  0]LogLoad: (Engine Initialization) Total Blueprint compile time: 0.11 seconds
[2017.07.11-19.02.31:767][  0]LogExternalProfiler: Found external profiler: VSPerf
[2017.07.11-19.02.31:767][  0]LogExternalProfiler: Using external profiler: VSPerf
[2017.07.11-19.02.32:106][  0]LogOcInput: OculusInput pre-init called
[2017.07.11-19.02.32:106][  0]LogHMD: Starting GearVRController plugin
[2017.07.11-19.02.32:129][  0]LogContentStreaming: Texture pool size now 1000 MB
[2017.07.11-19.02.32:448][  1]LogAssetRegistry: Asset discovery search completed in 15.4345 seconds
[2017.07.11-19.02.32:449][  1]LogCollectionManager: Rebuilt the object cache for 0 collections in 0.000001 seconds (found 0 objects)
[2017.07.11-19.02.32:449][  1]LogCollectionManager: Fixed up redirectors for 0 collections in 0.000024 seconds (updated 0 objects)
[2017.07.11-19.02.36:467][ 13]LogSlate: Took 0.009295 seconds to synchronously load lazily loaded font '../../../Engine/Content/Slate/Fonts/Roboto-Light.ttf' (159K)
[2017.07.11-19.03.32:913][674]LogSlate: Took 0.000126 seconds to synchronously load lazily loaded font '../../../Engine/Content/Slate/Fonts/Roboto-Light.ttf' (159K)
[2017.07.11-19.03.34:360][674]LogAIModule: Creating AISystem for world mechaCity_start
[2017.07.11-19.03.34:510][674]Cmd: MAP LOAD FILE="E:/documents/mechaCity/mechaCity/Content/scenes/mechaCity_start.umap" TEMPLATE=0 SHOWPROGRESS=1 FEATURELEVEL=3
[2017.07.11-19.03.34:510][674]LightingResults: New page: Lighting Build
[2017.07.11-19.03.34:511][674]LoadErrors: New page: Loading map: mechaCity_start.umap
[2017.07.11-19.03.34:511][674]MapCheck: New page: Map Check
[2017.07.11-19.03.34:511][674]LightingResults: New page: Lighting Build
[2017.07.11-19.03.37:365][674]LogEditorServer: Finished looking for orphan Actors (0.000 secs)
[2017.07.11-19.03.37:391][674]Cmd: MAP CHECKDEP NOCLEARLOG
[2017.07.11-19.03.37:428][674]MapCheck: Info Map check complete: 0 Error(s), 0 Warning(s), took 36.618ms to complete.
[2017.07.11-19.03.37:428][674]LogFileHelpers: Loading map 'mechaCity_start' took 2.919
[2017.07.11-19.03.37:429][674]LogSlate: Took 0.000099 seconds to synchronously load lazily loaded font '../../../Engine/Content/Slate/Fonts/Roboto-Regular.ttf' (155K)
[2017.07.11-20.26.44:580][832]LogHttp:Warning: 0000000025191300: request failed, libcurl error: 6 (Couldn't resolve host name)
[2017.07.11-20.26.44:580][832]LogHttp:Warning: 0000000025191300: libcurl info message cache 0 (Connection 24 seems to be dead!)
[2017.07.11-20.26.44:580][832]LogHttp:Warning: 0000000025191300: libcurl info message cache 1 (Closing connection 24)
[2017.07.11-20.26.44:580][832]LogHttp:Warning: 0000000025191300: libcurl info message cache 2 (TLSv1.2 (OUT), TLS alert, Client hello (1):)
[2017.07.11-20.26.44:580][832]LogHttp:Warning: 0000000025191300: libcurl info message cache 3 (Could not resolve host: datarouter.ol.epicgames.com)
[2017.07.11-20.26.44:580][832]LogHttp:Warning: 0000000025191300: libcurl info message cache 4 (Closing connection 25)
[2017.07.11-21.13.14:667][202]LogHttp:Warning: 00000000227B8280: request failed, libcurl error: 7 (Couldn't connect to server)
[2017.07.11-21.13.14:667][202]LogHttp:Warning: 00000000227B8280: libcurl info message cache 0 (Connection 36 seems to be dead!)
[2017.07.11-21.13.14:667][202]LogHttp:Warning: 00000000227B8280: libcurl info message cache 1 (Closing connection 36)
[2017.07.11-21.13.14:667][202]LogHttp:Warning: 00000000227B8280: libcurl info message cache 2 (TLSv1.2 (OUT), TLS alert, Client hello (1):)
[2017.07.11-21.13.14:667][202]LogHttp:Warning: 00000000227B8280: libcurl info message cache 3 (  Trying 52.70.206.117...)
[2017.07.11-21.13.14:667][202]LogHttp:Warning: 00000000227B8280: libcurl info message cache 4 (connect to 52.70.206.117 port 443 failed: Timed out)
[2017.07.11-21.13.14:667][202]LogHttp:Warning: 00000000227B8280: libcurl info message cache 5 (  Trying 34.224.134.130...)
[2017.07.11-21.13.14:667][202]LogHttp:Warning: 00000000227B8280: libcurl info message cache 6 (connect to 34.224.134.130 port 443 failed: Timed out)
[2017.07.11-21.13.14:667][202]LogHttp:Warning: 00000000227B8280: libcurl info message cache 7 (Failed to connect to datarouter.ol.epicgames.com port 443: Timed out)
[2017.07.11-21.13.14:667][202]LogHttp:Warning: 00000000227B8280: libcurl info message cache 8 (Closing connection 37)
[2017.07.11-21.15.04:408][881]LogEditorViewport: Clicking on Actor (LMB): StaticMeshActor (mecha_chest)
[2017.07.11-21.15.04:975][931]LogEditorViewport: Clicking on Actor (context menu): StaticMeshActor (mecha_chest)
[2017.07.11-21.24.57:083][833]LogEditorFactories: Performing atomic reimport of [E:/Boulot/cubebrush/03_meshes/mecha/FBX/mecha_shoulder_R.fbx]
[2017.07.11-21.24.57:123][833]LogFbx: Loading FBX Scene from E:/Boulot/cubebrush/03_meshes/mecha/FBX/mecha_shoulder_R.fbx
[2017.07.11-21.24.57:132][833]LogFbx: FBX Scene Loaded Succesfully
[2017.07.11-21.24.57:156][833]LogStaticMesh: Building static mesh mecha_shoulder_R...
[2017.07.11-21.24.57:184][833]LogStaticMesh: Built static mesh [0.03s] /Game/meshes/mecha/mecha_shoulder_R.mecha_shoulder_R
[2017.07.11-21.24.57:199][833]LogEditorFactories: -- imported successfully
[2017.07.11-21.24.57:208][833]LogEditorFactories: Performing atomic reimport of [E:/Boulot/cubebrush/03_meshes/mecha/FBX/mecha_arm_L.fbx]
[2017.07.11-21.24.57:213][833]LogSlate: Took 0.000113 seconds to synchronously load lazily loaded font '../../../Engine/Content/Slate/Fonts/Roboto-Light.ttf' (159K)
[2017.07.11-21.24.57:233][833]LogFbx: Loading FBX Scene from E:/Boulot/cubebrush/03_meshes/mecha/FBX/mecha_arm_L.fbx
[2017.07.11-21.24.57:239][833]LogFbx: FBX Scene Loaded Succesfully
[2017.07.11-21.24.57:256][833]LogStaticMesh: Building static mesh mecha_arm_L...
[2017.07.11-21.24.57:273][833]LogStaticMesh: Built static mesh [0.02s] /Game/meshes/mecha/mecha_arm_L.mecha_arm_L
[2017.07.11-21.24.57:282][833]LogEditorFactories: -- imported successfully
[2017.07.11-21.24.57:290][833]LogEditorFactories: Performing atomic reimport of [E:/Boulot/cubebrush/03_meshes/mecha/FBX/mecha_arm_R.fbx]
[2017.07.11-21.24.57:317][833]LogFbx: Loading FBX Scene from E:/Boulot/cubebrush/03_meshes/mecha/FBX/mecha_arm_R.fbx
[2017.07.11-21.24.57:323][833]LogFbx: FBX Scene Loaded Succesfully
[2017.07.11-21.24.57:340][833]LogStaticMesh: Building static mesh mecha_arm_R...
[2017.07.11-21.24.57:355][833]LogStaticMesh: Built static mesh [0.02s] /Game/meshes/mecha/mecha_arm_R.mecha_arm_R
[2017.07.11-21.24.57:366][833]LogEditorFactories: -- imported successfully
[2017.07.11-21.24.57:374][833]LogEditorFactories: Performing atomic reimport of [E:/Boulot/cubebrush/03_meshes/mecha/FBX/mecha_chest.fbx]
[2017.07.11-21.24.57:432][833]LogFbx: Loading FBX Scene from E:/Boulot/cubebrush/03_meshes/mecha/FBX/mecha_chest.fbx
[2017.07.11-21.24.57:446][833]LogFbx: FBX Scene Loaded Succesfully
[2017.07.11-21.24.57:523][833]LogStaticMesh: Building static mesh mecha_chest...
[2017.07.11-21.24.57:618][833]LogStaticMesh: Built static mesh [0.09s] /Game/meshes/mecha/mecha_chest.mecha_chest
[2017.07.11-21.24.57:676][833]LogEditorFactories: -- imported successfully
[2017.07.11-21.24.57:697][833]LogEditorFactories: Performing atomic reimport of [E:/Boulot/cubebrush/03_meshes/mecha/FBX/mecha_head.fbx]
[2017.07.11-21.24.57:830][833]LogFbx: Loading FBX Scene from E:/Boulot/cubebrush/03_meshes/mecha/FBX/mecha_head.fbx
[2017.07.11-21.24.57:835][833]LogFbx: FBX Scene Loaded Succesfully
[2017.07.11-21.24.57:890][833]LogStaticMesh: Building static mesh mecha_head...
[2017.07.11-21.24.57:898][833]LogStaticMesh: Built static mesh [0.01s] /Game/meshes/mecha/mecha_head.mecha_head
[2017.07.11-21.24.57:929][833]LogEditorFactories: -- imported successfully
[2017.07.11-21.24.57:935][833]LogEditorFactories: Performing atomic reimport of [E:/Boulot/cubebrush/03_meshes/mecha/FBX/mecha_leg_L.fbx]
[2017.07.11-21.24.58:015][833]LogFbx: Loading FBX Scene from E:/Boulot/cubebrush/03_meshes/mecha/FBX/mecha_leg_L.fbx
[2017.07.11-21.24.58:023][833]LogFbx: FBX Scene Loaded Succesfully
[2017.07.11-21.24.58:073][833]LogStaticMesh: Building static mesh mecha_leg_L...
[2017.07.11-21.24.58:103][833]LogStaticMesh: Built static mesh [0.03s] /Game/meshes/mecha/mecha_leg_L.mecha_leg_L
[2017.07.11-21.24.58:149][833]LogEditorFactories: -- imported successfully
[2017.07.11-21.24.58:159][833]LogEditorFactories: Performing atomic reimport of [E:/Boulot/cubebrush/03_meshes/mecha/FBX/mecha_leg_R.fbx]
[2017.07.11-21.24.58:247][833]LogFbx: Loading FBX Scene from E:/Boulot/cubebrush/03_meshes/mecha/FBX/mecha_leg_R.fbx
[2017.07.11-21.24.58:255][833]LogFbx: FBX Scene Loaded Succesfully
[2017.07.11-21.24.58:306][833]LogStaticMesh: Building static mesh mecha_leg_R...
[2017.07.11-21.24.58:336][833]LogStaticMesh: Built static mesh [0.03s] /Game/meshes/mecha/mecha_leg_R.mecha_leg_R
[2017.07.11-21.24.58:383][833]LogEditorFactories: -- imported successfully
[2017.07.11-21.24.58:394][833]LogEditorFactories: Performing atomic reimport of [E:/Boulot/cubebrush/03_meshes/mecha/FBX/mecha_shoulder_L.fbx]
[2017.07.11-21.24.58:481][833]LogFbx: Loading FBX Scene from E:/Boulot/cubebrush/03_meshes/mecha/FBX/mecha_shoulder_L.fbx
[2017.07.11-21.24.58:488][833]LogFbx: FBX Scene Loaded Succesfully
[2017.07.11-21.24.58:540][833]LogStaticMesh: Building static mesh mecha_shoulder_L...
[2017.07.11-21.24.58:564][833]LogStaticMesh: Built static mesh [0.02s] /Game/meshes/mecha/mecha_shoulder_L.mecha_shoulder_L
[2017.07.11-21.24.58:599][833]LogEditorFactories: -- imported successfully
[2017.07.11-21.25.30:715][491]Cmd: OBJ SAVEPACKAGE PACKAGE="/Game/scenes/mechaCity_start" FILE="E:/documents/mechaCity/mechaCity/Saved/Autosaves/Game/scenes/mechaCity_start_Auto1.umap" SILENT=true AUTOSAVING=true KEEPDIRTY=false
[2017.07.11-21.25.32:029][491]LogSavePackage: Save=1043.89ms
[2017.07.11-21.25.32:029][491]LogSavePackage: Moving 'E:/documents/mechaCity/mechaCity/Saved/mechaCity_start_Auto199870B5D47E366334987CBAC65A8C86C.tmp' to 'E:/documents/mechaCity/mechaCity/Saved/Autosaves/Game/scenes/mechaCity_start_Auto1.umap'
[2017.07.11-21.25.32:030][491]LogSavePackage:Display: Finished SavePackage E:/documents/mechaCity/mechaCity/Saved/Autosaves/Game/scenes/mechaCity_start_Auto1.umap
[2017.07.11-21.25.32:034][491]LogFileHelpers: Editor autosave (incl. sublevels) for '/Game/scenes/mechaCity_start' took 1.327
[2017.07.11-21.25.32:034][491]LogFileHelpers: Editor autosave (incl. sublevels) for all levels took 1.327
[2017.07.11-21.25.32:036][491]OBJ SavePackage: Generating thumbnails for [1] asset(s) in package [/Game/meshes/mecha/mecha_arm_R] ([1] browsable assets)...
[2017.07.11-21.25.32:051][491]OBJ SavePackage:     Rendered thumbnail for [StaticMesh /Game/meshes/mecha/mecha_arm_R.mecha_arm_R]
[2017.07.11-21.25.32:051][491]OBJ SavePackage: Finished generating thumbnails for package [/Game/meshes/mecha/mecha_arm_R]
[2017.07.11-21.25.32:051][491]Cmd: OBJ SAVEPACKAGE PACKAGE="/Game/meshes/mecha/mecha_arm_R" FILE="E:/documents/mechaCity/mechaCity/Saved/Autosaves/Game/meshes/mecha/mecha_arm_R_Auto1.uasset" SILENT=false AUTOSAVING=true
[2017.07.11-21.25.32:069][491]LogSavePackage: Save=13.26ms
[2017.07.11-21.25.32:069][491]LogSavePackage: Moving 'E:/documents/mechaCity/mechaCity/Saved/mecha_arm_R_Auto1F973EBB64497EE10028043B3ED2B387B.tmp' to 'E:/documents/mechaCity/mechaCity/Saved/Autosaves/Game/meshes/mecha/mecha_arm_R_Auto1.uasset'
[2017.07.11-21.25.32:070][491]LogSavePackage:Display: Finished SavePackage E:/documents/mechaCity/mechaCity/Saved/Autosaves/Game/meshes/mecha/mecha_arm_R_Auto1.uasset
[2017.07.11-21.25.32:070][491]OBJ SavePackage: Generating thumbnails for [1] asset(s) in package [/Game/meshes/mecha/mecha_arm_L] ([1] browsable assets)...
[2017.07.11-21.25.32:082][491]OBJ SavePackage:     Rendered thumbnail for [StaticMesh /Game/meshes/mecha/mecha_arm_L.mecha_arm_L]
[2017.07.11-21.25.32:082][491]OBJ SavePackage: Finished generating thumbnails for package [/Game/meshes/mecha/mecha_arm_L]
[2017.07.11-21.25.32:082][491]Cmd: OBJ SAVEPACKAGE PACKAGE="/Game/meshes/mecha/mecha_arm_L" FILE="E:/documents/mechaCity/mechaCity/Saved/Autosaves/Game/meshes/mecha/mecha_arm_L_Auto1.uasset" SILENT=false AUTOSAVING=true
[2017.07.11-21.25.32:099][491]LogSavePackage: Save=12.44ms
[2017.07.11-21.25.32:099][491]LogSavePackage: Moving 'E:/documents/mechaCity/mechaCity/Saved/mecha_arm_L_Auto1791BC81442361D2FC4A36FA809B9214F.tmp' to 'E:/documents/mechaCity/mechaCity/Saved/Autosaves/Game/meshes/mecha/mecha_arm_L_Auto1.uasset'
[2017.07.11-21.25.32:100][491]LogSavePackage:Display: Finished SavePackage E:/documents/mechaCity/mechaCity/Saved/Autosaves/Game/meshes/mecha/mecha_arm_L_Auto1.uasset
[2017.07.11-21.25.32:100][491]OBJ SavePackage: Generating thumbnails for [1] asset(s) in package [/Game/meshes/mecha/mecha_chest] ([1] browsable assets)...
[2017.07.11-21.25.32:113][491]OBJ SavePackage:     Rendered thumbnail for [StaticMesh /Game/meshes/mecha/mecha_chest.mecha_chest]
[2017.07.11-21.25.32:113][491]OBJ SavePackage: Finished generating thumbnails for package [/Game/meshes/mecha/mecha_chest]
[2017.07.11-21.25.32:113][491]Cmd: OBJ SAVEPACKAGE PACKAGE="/Game/meshes/mecha/mecha_chest" FILE="E:/documents/mechaCity/mechaCity/Saved/Autosaves/Game/meshes/mecha/mecha_chest_Auto1.uasset" SILENT=false AUTOSAVING=true
[2017.07.11-21.25.32:132][491]LogSavePackage: Save=14.30ms
[2017.07.11-21.25.32:132][491]LogSavePackage: Moving 'E:/documents/mechaCity/mechaCity/Saved/mecha_chest_Auto1A640E7C14E7621298FB771ADE6C28724.tmp' to 'E:/documents/mechaCity/mechaCity/Saved/Autosaves/Game/meshes/mecha/mecha_chest_Auto1.uasset'
[2017.07.11-21.25.32:133][491]LogSavePackage:Display: Finished SavePackage E:/documents/mechaCity/mechaCity/Saved/Autosaves/Game/meshes/mecha/mecha_chest_Auto1.uasset
[2017.07.11-21.25.32:133][491]OBJ SavePackage: Generating thumbnails for [1] asset(s) in package [/Game/meshes/mecha/mecha_head] ([1] browsable assets)...
[2017.07.11-21.25.32:146][491]OBJ SavePackage:     Rendered thumbnail for [StaticMesh /Game/meshes/mecha/mecha_head.mecha_head]
[2017.07.11-21.25.32:146][491]OBJ SavePackage: Finished generating thumbnails for package [/Game/meshes/mecha/mecha_head]
[2017.07.11-21.25.32:146][491]Cmd: OBJ SAVEPACKAGE PACKAGE="/Game/meshes/mecha/mecha_head" FILE="E:/documents/mechaCity/mechaCity/Saved/Autosaves/Game/meshes/mecha/mecha_head_Auto1.uasset" SILENT=false AUTOSAVING=true
[2017.07.11-21.25.32:164][491]LogSavePackage: Save=12.51ms
[2017.07.11-21.25.32:164][491]LogSavePackage: Moving 'E:/documents/mechaCity/mechaCity/Saved/mecha_head_Auto175F8B3A946D73A6E85610DAA65F478E0.tmp' to 'E:/documents/mechaCity/mechaCity/Saved/Autosaves/Game/meshes/mecha/mecha_head_Auto1.uasset'
[2017.07.11-21.25.32:164][491]LogSavePackage:Display: Finished SavePackage E:/documents/mechaCity/mechaCity/Saved/Autosaves/Game/meshes/mecha/mecha_head_Auto1.uasset
[2017.07.11-21.25.32:165][491]OBJ SavePackage: Generating thumbnails for [1] asset(s) in package [/Game/meshes/mecha/mecha_leg_L] ([1] browsable assets)...
[2017.07.11-21.25.32:177][491]OBJ SavePackage:     Rendered thumbnail for [StaticMesh /Game/meshes/mecha/mecha_leg_L.mecha_leg_L]
[2017.07.11-21.25.32:177][491]OBJ SavePackage: Finished generating thumbnails for package [/Game/meshes/mecha/mecha_leg_L]
[2017.07.11-21.25.32:177][491]Cmd: OBJ SAVEPACKAGE PACKAGE="/Game/meshes/mecha/mecha_leg_L" FILE="E:/documents/mechaCity/mechaCity/Saved/Autosaves/Game/meshes/mecha/mecha_leg_L_Auto1.uasset" SILENT=false AUTOSAVING=true
[2017.07.11-21.25.32:196][491]LogSavePackage: Save=13.70ms
[2017.07.11-21.25.32:196][491]LogSavePackage: Moving 'E:/documents/mechaCity/mechaCity/Saved/mecha_leg_L_Auto1B30617244E95B0928475028A3867CD8C.tmp' to 'E:/documents/mechaCity/mechaCity/Saved/Autosaves/Game/meshes/mecha/mecha_leg_L_Auto1.uasset'
[2017.07.11-21.25.32:197][491]LogSavePackage:Display: Finished SavePackage E:/documents/mechaCity/mechaCity/Saved/Autosaves/Game/meshes/mecha/mecha_leg_L_Auto1.uasset
[2017.07.11-21.25.32:197][491]OBJ SavePackage: Generating thumbnails for [1] asset(s) in package [/Game/meshes/mecha/mecha_leg_R] ([1] browsable assets)...
[2017.07.11-21.25.32:211][491]OBJ SavePackage:     Rendered thumbnail for [StaticMesh /Game/meshes/mecha/mecha_leg_R.mecha_leg_R]
[2017.07.11-21.25.32:211][491]OBJ SavePackage: Finished generating thumbnails for package [/Game/meshes/mecha/mecha_leg_R]
[2017.07.11-21.25.32:211][491]Cmd: OBJ SAVEPACKAGE PACKAGE="/Game/meshes/mecha/mecha_leg_R" FILE="E:/documents/mechaCity/mechaCity/Saved/Autosaves/Game/meshes/mecha/mecha_leg_R_Auto1.uasset" SILENT=false AUTOSAVING=true
[2017.07.11-21.25.32:236][491]LogSavePackage: Save=15.34ms
[2017.07.11-21.25.32:237][491]LogSavePackage: Moving 'E:/documents/mechaCity/mechaCity/Saved/mecha_leg_R_Auto1620054544C93C9933F9632B47544FFF4.tmp' to 'E:/documents/mechaCity/mechaCity/Saved/Autosaves/Game/meshes/mecha/mecha_leg_R_Auto1.uasset'
[2017.07.11-21.25.32:239][491]LogSavePackage:Display: Finished SavePackage E:/documents/mechaCity/mechaCity/Saved/Autosaves/Game/meshes/mecha/mecha_leg_R_Auto1.uasset
[2017.07.11-21.25.32:239][491]OBJ SavePackage: Generating thumbnails for [1] asset(s) in package [/Game/meshes/mecha/mecha_shoulder_L] ([1] browsable assets)...
[2017.07.11-21.25.32:251][491]OBJ SavePackage:     Rendered thumbnail for [StaticMesh /Game/meshes/mecha/mecha_shoulder_L.mecha_shoulder_L]
[2017.07.11-21.25.32:251][491]OBJ SavePackage: Finished generating thumbnails for package [/Game/meshes/mecha/mecha_shoulder_L]
[2017.07.11-21.25.32:251][491]Cmd: OBJ SAVEPACKAGE PACKAGE="/Game/meshes/mecha/mecha_shoulder_L" FILE="E:/documents/mechaCity/mechaCity/Saved/Autosaves/Game/meshes/mecha/mecha_shoulder_L_Auto1.uasset" SILENT=false AUTOSAVING=true
[2017.07.11-21.25.32:270][491]LogSavePackage: Save=12.74ms
[2017.07.11-21.25.32:270][491]LogSavePackage: Moving 'E:/documents/mechaCity/mechaCity/Saved/mecha_shoulder_L_Auto1D6100F8E426DBB746CF3BF9F479594D2.tmp' to 'E:/documents/mechaCity/mechaCity/Saved/Autosaves/Game/meshes/mecha/mecha_shoulder_L_Auto1.uasset'
[2017.07.11-21.25.32:271][491]LogSavePackage:Display: Finished SavePackage E:/documents/mechaCity/mechaCity/Saved/Autosaves/Game/meshes/mecha/mecha_shoulder_L_Auto1.uasset
[2017.07.11-21.25.32:271][491]OBJ SavePackage: Generating thumbnails for [1] asset(s) in package [/Game/meshes/mecha/mecha_shoulder_R] ([1] browsable assets)...
[2017.07.11-21.25.32:285][491]OBJ SavePackage:     Rendered thumbnail for [StaticMesh /Game/meshes/mecha/mecha_shoulder_R.mecha_shoulder_R]
[2017.07.11-21.25.32:285][491]OBJ SavePackage: Finished generating thumbnails for package [/Game/meshes/mecha/mecha_shoulder_R]
[2017.07.11-21.25.32:285][491]Cmd: OBJ SAVEPACKAGE PACKAGE="/Game/meshes/mecha/mecha_shoulder_R" FILE="E:/documents/mechaCity/mechaCity/Saved/Autosaves/Game/meshes/mecha/mecha_shoulder_R_Auto1.uasset" SILENT=false AUTOSAVING=true
[2017.07.11-21.25.32:302][491]LogSavePackage: Save=11.88ms
[2017.07.11-21.25.32:302][491]LogSavePackage: Moving 'E:/documents/mechaCity/mechaCity/Saved/mecha_shoulder_R_Auto18DBD51EE43B1D1B9CCEBFFB17C1E4890.tmp' to 'E:/documents/mechaCity/mechaCity/Saved/Autosaves/Game/meshes/mecha/mecha_shoulder_R_Auto1.uasset'
[2017.07.11-21.25.32:303][491]LogSavePackage:Display: Finished SavePackage E:/documents/mechaCity/mechaCity/Saved/Autosaves/Game/meshes/mecha/mecha_shoulder_R_Auto1.uasset
[2017.07.11-21.25.32:303][491]LogFileHelpers: Auto-saving content packages took 0.268
[2017.07.11-21.27.35:538][456]LogEditorFactories: Performing atomic reimport of [E:/Boulot/cubebrush/03_meshes/mecha/FBX/mecha_arm_L.fbx]
[2017.07.11-21.27.35:561][456]LogFbx: Loading FBX Scene from E:/Boulot/cubebrush/03_meshes/mecha/FBX/mecha_arm_L.fbx
[2017.07.11-21.27.35:567][456]LogFbx: FBX Scene Loaded Succesfully
[2017.07.11-21.27.35:585][456]LogStaticMesh: Building static mesh mecha_arm_L...
[2017.07.11-21.27.35:601][456]LogStaticMesh: Built static mesh [0.02s] /Game/meshes/mecha/mecha_arm_L.mecha_arm_L
[2017.07.11-21.27.35:610][456]LogEditorFactories: -- imported successfully
[2017.07.11-21.27.35:620][456]LogEditorFactories: Performing atomic reimport of [E:/Boulot/cubebrush/03_meshes/mecha/FBX/mecha_arm_R.fbx]
[2017.07.11-21.27.35:645][456]LogFbx: Loading FBX Scene from E:/Boulot/cubebrush/03_meshes/mecha/FBX/mecha_arm_R.fbx
[2017.07.11-21.27.35:652][456]LogFbx: FBX Scene Loaded Succesfully
[2017.07.11-21.27.35:668][456]LogStaticMesh: Building static mesh mecha_arm_R...
[2017.07.11-21.27.35:684][456]LogStaticMesh: Built static mesh [0.02s] /Game/meshes/mecha/mecha_arm_R.mecha_arm_R
[2017.07.11-21.27.35:694][456]LogEditorFactories: -- imported successfully
[2017.07.11-21.27.35:702][456]LogEditorFactories: Performing atomic reimport of [E:/Boulot/cubebrush/03_meshes/mecha/FBX/mecha_chest.fbx]
[2017.07.11-21.27.35:731][456]LogFbx: Loading FBX Scene from E:/Boulot/cubebrush/03_meshes/mecha/FBX/mecha_chest.fbx
[2017.07.11-21.27.35:745][456]LogFbx: FBX Scene Loaded Succesfully
[2017.07.11-21.27.35:785][456]LogStaticMesh: Building static mesh mecha_chest...
[2017.07.11-21.27.35:880][456]LogStaticMesh: Built static mesh [0.09s] /Game/meshes/mecha/mecha_chest.mecha_chest
[2017.07.11-21.27.35:917][456]LogEditorFactories: -- imported successfully
[2017.07.11-21.27.35:941][456]LogEditorFactories: Performing atomic reimport of [E:/Boulot/cubebrush/03_meshes/mecha/FBX/mecha_head.fbx]
[2017.07.11-21.27.36:059][456]LogFbx: Loading FBX Scene from E:/Boulot/cubebrush/03_meshes/mecha/FBX/mecha_head.fbx
[2017.07.11-21.27.36:065][456]LogFbx: FBX Scene Loaded Succesfully
[2017.07.11-21.27.36:118][456]LogStaticMesh: Building static mesh mecha_head...
[2017.07.11-21.27.36:127][456]LogStaticMesh: Built static mesh [0.01s] /Game/meshes/mecha/mecha_head.mecha_head
[2017.07.11-21.27.36:175][456]LogEditorFactories: -- imported successfully
[2017.07.11-21.27.36:182][456]LogEditorFactories: Performing atomic reimport of [E:/Boulot/cubebrush/03_meshes/mecha/FBX/mecha_leg_L.fbx]
[2017.07.11-21.27.36:277][456]LogFbx: Loading FBX Scene from E:/Boulot/cubebrush/03_meshes/mecha/FBX/mecha_leg_L.fbx
[2017.07.11-21.27.36:286][456]LogFbx: FBX Scene Loaded Succesfully
[2017.07.11-21.27.36:335][456]LogStaticMesh: Building static mesh mecha_leg_L...
[2017.07.11-21.27.36:366][456]LogStaticMesh: Built static mesh [0.03s] /Game/meshes/mecha/mecha_leg_L.mecha_leg_L
[2017.07.11-21.27.36:411][456]LogEditorFactories: -- imported successfully
[2017.07.11-21.27.36:422][456]LogEditorFactories: Performing atomic reimport of [E:/Boulot/cubebrush/03_meshes/mecha/FBX/mecha_leg_R.fbx]
[2017.07.11-21.27.36:509][456]LogFbx: Loading FBX Scene from E:/Boulot/cubebrush/03_meshes/mecha/FBX/mecha_leg_R.fbx
[2017.07.11-21.27.36:517][456]LogFbx: FBX Scene Loaded Succesfully
[2017.07.11-21.27.36:568][456]LogStaticMesh: Building static mesh mecha_leg_R...
[2017.07.11-21.27.36:598][456]LogStaticMesh: Built static mesh [0.03s] /Game/meshes/mecha/mecha_leg_R.mecha_leg_R
[2017.07.11-21.27.36:645][456]LogEditorFactories: -- imported successfully
[2017.07.11-21.27.36:656][456]LogEditorFactories: Performing atomic reimport of [E:/Boulot/cubebrush/03_meshes/mecha/FBX/mecha_shoulder_L.fbx]
[2017.07.11-21.27.36:743][456]LogFbx: Loading FBX Scene from E:/Boulot/cubebrush/03_meshes/mecha/FBX/mecha_shoulder_L.fbx
[2017.07.11-21.27.36:751][456]LogFbx: FBX Scene Loaded Succesfully
[2017.07.11-21.27.36:785][456]LogStaticMesh: Building static mesh mecha_shoulder_L...
[2017.07.11-21.27.36:809][456]LogStaticMesh: Built static mesh [0.02s] /Game/meshes/mecha/mecha_shoulder_L.mecha_shoulder_L
[2017.07.11-21.27.36:844][456]LogEditorFactories: -- imported successfully
[2017.07.11-21.27.36:853][456]LogEditorFactories: Performing atomic reimport of [E:/Boulot/cubebrush/03_meshes/mecha/FBX/mecha_shoulder_R.fbx]
[2017.07.11-21.27.36:961][456]LogFbx: Loading FBX Scene from E:/Boulot/cubebrush/03_meshes/mecha/FBX/mecha_shoulder_R.fbx
[2017.07.11-21.27.36:969][456]LogFbx: FBX Scene Loaded Succesfully
[2017.07.11-21.27.37:019][456]LogStaticMesh: Building static mesh mecha_shoulder_R...
[2017.07.11-21.27.37:043][456]LogStaticMesh: Built static mesh [0.02s] /Game/meshes/mecha/mecha_shoulder_R.mecha_shoulder_R
[2017.07.11-21.27.37:077][456]LogEditorFactories: -- imported successfully
[2017.07.11-21.27.40:950][659]LogEditorViewport: Clicking on Actor (LMB): StaticMeshActor (mecha_chest)
[2017.07.11-21.29.37:232][929]LogEditorViewport: Clicking on Actor (LMB): StaticMeshActor (mecha_leg_R)
[2017.07.11-21.29.46:341][905]LogEditorViewport: Clicking on Actor (LMB): StaticMeshActor (mecha_shoulder_L)
[2017.07.11-21.29.50:286][323]LogEditorViewport: Clicking on Actor (LMB): StaticMeshActor (mecha_arm_L)
[2017.07.11-21.29.55:529][871]LogEditorViewport: Clicking on Actor (LMB): StaticMeshActor (mecha_shoulder_L)
[2017.07.11-21.29.56:690][  2]LogEditorViewport: Clicking on Actor (LMB): StaticMeshActor (mecha_shoulder_R)
[2017.07.11-21.30.32:247][601]LogHttp:Warning: 000000007C85AB00: request failed, libcurl error: 0 (No error)
[2017.07.11-21.30.32:247][601]LogHttp:Warning: 000000007C85AB00: libcurl info message cache 0 (Connection 40 seems to be dead!)
[2017.07.11-21.30.32:247][601]LogHttp:Warning: 000000007C85AB00: libcurl info message cache 1 (Closing connection 40)
[2017.07.11-21.30.32:247][601]LogHttp:Warning: 000000007C85AB00: libcurl info message cache 2 (TLSv1.2 (OUT), TLS alert, Client hello (1):)
[2017.07.11-21.30.32:247][601]LogHttp:Warning: 000000007C85AB00: libcurl info message cache 3 (  Trying 34.224.134.130...)
[2017.07.11-21.30.32:247][601]LogHttp:Warning: 000000007C85AB00: libcurl info message cache 4 (Connected to datarouter.ol.epicgames.com (34.224.134.130) port 443 (#41))
[2017.07.11-21.30.32:247][601]LogHttp:Warning: 000000007C85AB00: libcurl info message cache 5 (ALPN, offering http/1.1)
[2017.07.11-21.30.32:247][601]LogHttp:Warning: 000000007C85AB00: libcurl info message cache 6 (Cipher selection: ALL:!EXPORT:!EXPORT40:!EXPORT56:!aNULL:!LOW:!RC4:@STRENGTH)
[2017.07.11-21.30.32:247][601]LogHttp:Warning: 000000007C85AB00: libcurl info message cache 7 (SSL re-using session ID)
[2017.07.11-21.30.32:247][601]LogHttp:Warning: 000000007C85AB00: libcurl info message cache 8 (TLSv1.2 (OUT), TLS handshake, Client hello (1):)
[2017.07.11-21.30.32:247][601]LogHttp:Warning: 000000007C85AB00: libcurl info message cache 9 (TLSv1.2 (IN), TLS handshake, Server hello (2):)
[2017.07.11-21.30.32:247][601]LogHttp:Warning: 000000007C85AB00: libcurl info message cache 10 (TLSv1.2 (IN), TLS handshake, Certificate (11):)
[2017.07.11-21.30.32:247][601]LogHttp:Warning: 000000007C85AB00: libcurl info message cache 11 (TLSv1.2 (IN), TLS handshake, Server key exchange (12):)
[2017.07.11-21.30.32:247][601]LogHttp:Warning: 000000007C85AB00: libcurl info message cache 12 (TLSv1.2 (IN), TLS handshake, Server finished (14):)
[2017.07.11-21.30.32:247][601]LogHttp:Warning: 000000007C85AB00: libcurl info message cache 13 (TLSv1.2 (OUT), TLS handshake, Client key exchange (16):)
[2017.07.11-21.30.32:247][601]LogHttp:Warning: 000000007C85AB00: libcurl info message cache 14 (TLSv1.2 (OUT), TLS change cipher, Client hello (1):)
[2017.07.11-21.30.32:247][601]LogHttp:Warning: 000000007C85AB00: libcurl info message cache 15 (TLSv1.2 (OUT), TLS handshake, Finished (20):)
[2017.07.11-21.30.32:247][601]LogHttp:Warning: 000000007C85AB00: libcurl info message cache 16 (Closing connection 41)
[2017.07.11-21.32.31:147][841]LogFactory: FactoryCreateFile: StaticMesh with FbxFactory (0 0 E:/Boulot/cubebrush/03_meshes/mecha/FBX/mecha_pelvis.fbx)
[2017.07.11-21.32.31:155][841]LogFbx: ItemName: GlobalSettings, ItemCount : 1
[2017.07.11-21.32.31:155][841]LogFbx: ItemName: AnimationStack, ItemCount : 1
[2017.07.11-21.32.31:155][841]LogFbx: ItemName: AnimationLayer, ItemCount : 1
[2017.07.11-21.32.31:155][841]LogFbx: ItemName: Model, ItemCount : 1
[2017.07.11-21.32.31:155][841]LogFbx: ItemName: Geometry, ItemCount : 1
[2017.07.11-21.32.31:160][841]LogFbx: Loading FBX Scene from E:/Boulot/cubebrush/03_meshes/mecha/FBX/mecha_pelvis.fbx
[2017.07.11-21.32.31:172][841]LogFbx: FBX Scene Loaded Succesfully
[2017.07.11-21.32.32:270][841]LogFbx: Loading FBX Scene from E:/Boulot/cubebrush/03_meshes/mecha/FBX/mecha_pelvis.fbx
[2017.07.11-21.32.32:283][841]LogFbx: FBX Scene Loaded Succesfully
[2017.07.11-21.32.32:301][841]LogStaticMesh: Building static mesh mecha_pelvis...
[2017.07.11-21.32.32:364][841]LogStaticMesh: Built static mesh [0.06s] /Game/meshes/mecha/mecha_pelvis.mecha_pelvis
[2017.07.11-21.32.33:645][927]LogActorFactory: Actor Factory created mecha_pelvis
[2017.07.11-21.32.34:657][ 38]LogActorFactory: Actor Factory created mecha_pelvis
[2017.07.11-21.32.40:222][675]LogEditorViewport: Clicking on Actor (LMB): StaticMeshActor (mecha_chest)
[2017.07.11-21.32.41:425][790]LogSlate: Took 0.004655 seconds to synchronously load lazily loaded font '../../../Engine/Content/Editor/Slate/Fonts/Roboto-Italic.ttf' (157K)
[2017.07.11-21.32.53:745][968]LogEditorViewport: Clicking on Actor (LMB): StaticMeshActor (mecha_pelvis)
[2017.07.11-21.32.54:537][ 52]LogEditorViewport: Clicking on Actor (LMB): StaticMeshActor (mecha_chest)
[2017.07.11-21.32.55:172][118]LogEditorViewport: Clicking on Actor (LMB): StaticMeshActor (mecha_pelvis)
[2017.07.11-21.32.57:507][382]LogEditorViewport: Clicking on Actor (LMB): StaticMeshActor (mecha_chest)
[2017.07.11-21.33.14:488][241]LogHttp:Warning: 0000000058270580: request failed, libcurl error: 7 (Couldn't connect to server)
[2017.07.11-21.33.14:488][241]LogHttp:Warning: 0000000058270580: libcurl info message cache 0 (Connection 43 seems to be dead!)
[2017.07.11-21.33.14:488][241]LogHttp:Warning: 0000000058270580: libcurl info message cache 1 (Closing connection 43)
[2017.07.11-21.33.14:488][241]LogHttp:Warning: 0000000058270580: libcurl info message cache 2 (TLSv1.2 (OUT), TLS alert, Client hello (1):)
[2017.07.11-21.33.14:488][241]LogHttp:Warning: 0000000058270580: libcurl info message cache 3 (  Trying 34.224.134.130...)
[2017.07.11-21.33.14:488][241]LogHttp:Warning: 0000000058270580: libcurl info message cache 4 (connect to 34.224.134.130 port 443 failed: Timed out)
[2017.07.11-21.33.14:488][241]LogHttp:Warning: 0000000058270580: libcurl info message cache 5 (  Trying 52.70.206.117...)
[2017.07.11-21.33.14:488][241]LogHttp:Warning: 0000000058270580: libcurl info message cache 6 (connect to 52.70.206.117 port 443 failed: Timed out)
[2017.07.11-21.33.14:488][241]LogHttp:Warning: 0000000058270580: libcurl info message cache 7 (Failed to connect to datarouter.ol.epicgames.com port 443: Timed out)
[2017.07.11-21.33.14:488][241]LogHttp:Warning: 0000000058270580: libcurl info message cache 8 (Closing connection 44)
[2017.07.11-21.33.16:597][487]LogEditorViewport: Clicking on Actor (CTRL LMB): StaticMeshActor (mecha_pelvis)
[2017.07.11-21.33.28:585][811]Cmd: TRANSACTION UNDO
[2017.07.11-21.33.28:585][811]LogEditorTransaction: Undo Rotate Actors
[2017.07.11-21.33.28:932][838]Cmd: TRANSACTION UNDO
[2017.07.11-21.33.28:932][838]LogEditorTransaction: Undo Rotate Actors
[2017.07.11-21.33.29:392][882]Cmd: TRANSACTION UNDO
[2017.07.11-21.33.29:392][882]LogEditorTransaction: Undo Rotate Actors
[2017.07.11-21.33.31:157][ 83]LogEditorViewport: Clicking on Actor (LMB): StaticMeshActor (mecha_head)
[2017.07.11-21.33.57:148][820]Cmd: CAMERA ALIGN ACTIVEVIEWPORTONLY
[2017.07.11-21.34.29:833][441]LogEditorViewport: Clicking on Actor (CTRL LMB): StaticMeshActor (mecha_pelvis)
[2017.07.11-21.34.30:194][474]LogEditorViewport: Clicking on Actor (CTRL LMB): StaticMeshActor (mecha_chest)
[2017.07.11-21.34.35:893][108]LogEditorViewport: Clicking on Actor (LMB): StaticMeshActor (mecha_chest)
[2017.07.11-21.34.36:662][184]Cmd: TRANSACTION UNDO
[2017.07.11-21.34.36:662][184]LogEditorTransaction: Undo Move Actors
[2017.07.11-21.34.36:982][211]Cmd: TRANSACTION UNDO
[2017.07.11-21.34.36:982][211]LogEditorTransaction: Undo Rotate Actors
[2017.07.11-21.34.38:329][356]LogEditorViewport: Clicking on Actor (CTRL LMB): StaticMeshActor (mecha_pelvis)
[2017.07.11-21.34.39:008][428]LogEditorViewport: Clicking on Actor (CTRL LMB): StaticMeshActor (mecha_head)
[2017.07.11-21.35.16:439][444]LogEditorViewport: Clicking on Actor (LMB): StaticMeshActor (mecha_leg_R)
[2017.07.11-21.35.42:268][304]LogEditorViewport: Clicking on Actor (LMB): StaticMeshActor (mecha_leg_L)
[2017.07.11-21.35.59:797][319]LogHttp:Warning: 000000004ED5FA00: request failed, libcurl error: 35 (SSL connect error)
[2017.07.11-21.35.59:797][319]LogHttp:Warning: 000000004ED5FA00: libcurl info message cache 0 (Hostname in DNS cache was stale, zapped)
[2017.07.11-21.35.59:797][319]LogHttp:Warning: 000000004ED5FA00: libcurl info message cache 1 (  Trying 52.70.206.117...)
[2017.07.11-21.35.59:797][319]LogHttp:Warning: 000000004ED5FA00: libcurl info message cache 2 (Connected to datarouter.ol.epicgames.com (52.70.206.117) port 443 (#45))
[2017.07.11-21.35.59:797][319]LogHttp:Warning: 000000004ED5FA00: libcurl info message cache 3 (ALPN, offering http/1.1)
[2017.07.11-21.35.59:797][319]LogHttp:Warning: 000000004ED5FA00: libcurl info message cache 4 (Cipher selection: ALL:!EXPORT:!EXPORT40:!EXPORT56:!aNULL:!LOW:!RC4:@STRENGTH)
[2017.07.11-21.35.59:797][319]LogHttp:Warning: 000000004ED5FA00: libcurl info message cache 5 (SSL re-using session ID)
[2017.07.11-21.35.59:797][319]LogHttp:Warning: 000000004ED5FA00: libcurl info message cache 6 (TLSv1.2 (OUT), TLS handshake, Client hello (1):)
[2017.07.11-21.35.59:797][319]LogHttp:Warning: 000000004ED5FA00: libcurl info message cache 7 (TLSv1.2 (IN), TLS handshake, Server hello (2):)
[2017.07.11-21.35.59:797][319]LogHttp:Warning: 000000004ED5FA00: libcurl info message cache 8 (TLSv1.2 (IN), TLS handshake, Certificate (11):)
[2017.07.11-21.35.59:797][319]LogHttp:Warning: 000000004ED5FA00: libcurl info message cache 9 (TLSv1.2 (IN), TLS handshake, Server key exchange (12):)
[2017.07.11-21.35.59:797][319]LogHttp:Warning: 000000004ED5FA00: libcurl info message cache 10 (TLSv1.2 (IN), TLS handshake, Server finished (14):)
[2017.07.11-21.35.59:797][319]LogHttp:Warning: 000000004ED5FA00: libcurl info message cache 11 (TLSv1.2 (OUT), TLS handshake, Client key exchange (16):)
[2017.07.11-21.35.59:797][319]LogHttp:Warning: 000000004ED5FA00: libcurl info message cache 12 (TLSv1.2 (OUT), TLS change cipher, Client hello (1):)
[2017.07.11-21.35.59:797][319]LogHttp:Warning: 000000004ED5FA00: libcurl info message cache 13 (TLSv1.2 (OUT), TLS handshake, Finished (20):)
[2017.07.11-21.35.59:797][319]LogHttp:Warning: 000000004ED5FA00: libcurl info message cache 14 (Unknown SSL protocol error in connection to datarouter.ol.epicgames.com:443 )
[2017.07.11-21.35.59:797][319]LogHttp:Warning: 000000004ED5FA00: libcurl info message cache 15 (Closing connection 45)
[2017.07.11-21.36.11:641][564]Cmd: TRANSACTION UNDO
[2017.07.11-21.36.11:641][564]LogEditorTransaction: Undo Rotate Actors
[2017.07.11-21.36.39:133][607]LogEditorViewport: Clicking on Actor (LMB): StaticMeshActor (mecha_shoulder_R)
[2017.07.11-21.37.00:567][979]LogEditorViewport: Clicking on Actor (LMB): StaticMeshActor (mecha_shoulder_L)
[2017.07.11-21.37.01:621][ 97]LogEditorViewport: Clicking on Actor (LMB): StaticMeshActor (mecha_arm_L)
[2017.07.11-21.37.16:000][733]LogEditorViewport: Clicking on Actor (LMB): StaticMeshActor (mecha_shoulder_R)
[2017.07.11-21.37.39:788][284]LogEditorViewport: Clicking on Actor (LMB): PointLight (PointLight)
[2017.07.11-21.38.10:251][306]LogEditorViewport: Clicking on Actor (LMB): StaticMeshActor (mecha_shoulder_L)
[2017.07.11-21.38.14:323][730]Cmd: TRANSACTION UNDO
[2017.07.11-21.38.14:323][730]LogEditorTransaction: Undo Move Actors
[2017.07.11-21.38.40:252][561]LogTexture:Display: Building textures: Texture2D_2 (G8, 128X128)
[2017.07.11-21.40.11:128][477]LogEditorViewport: Clicking on Actor (LMB): StaticMeshActor (mecha_leg_R)
[2017.07.11-21.40.31:163][627]LogEditorViewport: Clicking on Actor (LMB): StaticMeshActor (mecha_leg_L)
[2017.07.11-21.41.41:785][971]Cmd: OBJ SAVEPACKAGE PACKAGE="/Game/scenes/mechaCity_start" FILE="E:/documents/mechaCity/mechaCity/Saved/Autosaves/Game/scenes/mechaCity_start_Auto2.umap" SILENT=true AUTOSAVING=true KEEPDIRTY=false
[2017.07.11-21.41.41:906][971]LogTexture:Display: Building textures: Texture2D_285 (BGRA8, 512X512)
[2017.07.11-21.41.42:727][971]LogSavePackage: Save=917.86ms
[2017.07.11-21.41.42:727][971]LogSavePackage: Moving 'E:/documents/mechaCity/mechaCity/Saved/mechaCity_start_Auto235481F0841797C4B201A29A427739E7A.tmp' to 'E:/documents/mechaCity/mechaCity/Saved/Autosaves/Game/scenes/mechaCity_start_Auto2.umap'
[2017.07.11-21.41.42:728][971]LogSavePackage:Display: Finished SavePackage E:/documents/mechaCity/mechaCity/Saved/Autosaves/Game/scenes/mechaCity_start_Auto2.umap
[2017.07.11-21.41.42:731][971]LogFileHelpers: Editor autosave (incl. sublevels) for '/Game/scenes/mechaCity_start' took 0.959
[2017.07.11-21.41.42:731][971]LogFileHelpers: Editor autosave (incl. sublevels) for all levels took 0.959
[2017.07.11-21.41.42:746][971]OBJ SavePackage: Generating thumbnails for [1] asset(s) in package [/Game/meshes/mecha/mecha_arm_R] ([1] browsable assets)...
[2017.07.11-21.41.42:773][971]OBJ SavePackage:     Rendered thumbnail for [StaticMesh /Game/meshes/mecha/mecha_arm_R.mecha_arm_R]
[2017.07.11-21.41.42:773][971]OBJ SavePackage: Finished generating thumbnails for package [/Game/meshes/mecha/mecha_arm_R]
[2017.07.11-21.41.42:773][971]Cmd: OBJ SAVEPACKAGE PACKAGE="/Game/meshes/mecha/mecha_arm_R" FILE="E:/documents/mechaCity/mechaCity/Saved/Autosaves/Game/meshes/mecha/mecha_arm_R_Auto2.uasset" SILENT=false AUTOSAVING=true
[2017.07.11-21.41.42:814][971]LogSavePackage: Save=35.43ms
[2017.07.11-21.41.42:814][971]LogSavePackage: Moving 'E:/documents/mechaCity/mechaCity/Saved/mecha_arm_R_Auto293CBF7D641DEA7AED0BB5E8E8E760F86.tmp' to 'E:/documents/mechaCity/mechaCity/Saved/Autosaves/Game/meshes/mecha/mecha_arm_R_Auto2.uasset'
[2017.07.11-21.41.42:814][971]LogSavePackage:Display: Finished SavePackage E:/documents/mechaCity/mechaCity/Saved/Autosaves/Game/meshes/mecha/mecha_arm_R_Auto2.uasset
[2017.07.11-21.41.42:815][971]OBJ SavePackage: Generating thumbnails for [1] asset(s) in package [/Game/meshes/mecha/mecha_arm_L] ([1] browsable assets)...
[2017.07.11-21.41.42:826][971]OBJ SavePackage:     Rendered thumbnail for [StaticMesh /Game/meshes/mecha/mecha_arm_L.mecha_arm_L]
[2017.07.11-21.41.42:826][971]OBJ SavePackage: Finished generating thumbnails for package [/Game/meshes/mecha/mecha_arm_L]
[2017.07.11-21.41.42:826][971]Cmd: OBJ SAVEPACKAGE PACKAGE="/Game/meshes/mecha/mecha_arm_L" FILE="E:/documents/mechaCity/mechaCity/Saved/Autosaves/Game/meshes/mecha/mecha_arm_L_Auto2.uasset" SILENT=false AUTOSAVING=true
[2017.07.11-21.41.42:843][971]LogSavePackage: Save=11.47ms
[2017.07.11-21.41.42:843][971]LogSavePackage: Moving 'E:/documents/mechaCity/mechaCity/Saved/mecha_arm_L_Auto2C4FC0315439D9546F5963BA7174F22A3.tmp' to 'E:/documents/mechaCity/mechaCity/Saved/Autosaves/Game/meshes/mecha/mecha_arm_L_Auto2.uasset'
[2017.07.11-21.41.42:844][971]LogSavePackage:Display: Finished SavePackage E:/documents/mechaCity/mechaCity/Saved/Autosaves/Game/meshes/mecha/mecha_arm_L_Auto2.uasset
[2017.07.11-21.41.42:844][971]OBJ SavePackage: Generating thumbnails for [1] asset(s) in package [/Game/meshes/mecha/mecha_chest] ([1] browsable assets)...
[2017.07.11-21.41.42:856][971]OBJ SavePackage:     Rendered thumbnail for [StaticMesh /Game/meshes/mecha/mecha_chest.mecha_chest]
[2017.07.11-21.41.42:856][971]OBJ SavePackage: Finished generating thumbnails for package [/Game/meshes/mecha/mecha_chest]
[2017.07.11-21.41.42:856][971]Cmd: OBJ SAVEPACKAGE PACKAGE="/Game/meshes/mecha/mecha_chest" FILE="E:/documents/mechaCity/mechaCity/Saved/Autosaves/Game/meshes/mecha/mecha_chest_Auto2.uasset" SILENT=false AUTOSAVING=true
[2017.07.11-21.41.42:874][971]LogSavePackage: Save=11.99ms
[2017.07.11-21.41.42:874][971]LogSavePackage: Moving 'E:/documents/mechaCity/mechaCity/Saved/mecha_chest_Auto298474D1A4B1862D4EB801CACF6690F32.tmp' to 'E:/documents/mechaCity/mechaCity/Saved/Autosaves/Game/meshes/mecha/mecha_chest_Auto2.uasset'
[2017.07.11-21.41.42:875][971]LogSavePackage:Display: Finished SavePackage E:/documents/mechaCity/mechaCity/Saved/Autosaves/Game/meshes/mecha/mecha_chest_Auto2.uasset
[2017.07.11-21.41.42:875][971]OBJ SavePackage: Generating thumbnails for [1] asset(s) in package [/Game/meshes/mecha/mecha_head] ([1] browsable assets)...
[2017.07.11-21.41.42:887][971]OBJ SavePackage:     Rendered thumbnail for [StaticMesh /Game/meshes/mecha/mecha_head.mecha_head]
[2017.07.11-21.41.42:887][971]OBJ SavePackage: Finished generating thumbnails for package [/Game/meshes/mecha/mecha_head]
[2017.07.11-21.41.42:887][971]Cmd: OBJ SAVEPACKAGE PACKAGE="/Game/meshes/mecha/mecha_head" FILE="E:/documents/mechaCity/mechaCity/Saved/Autosaves/Game/meshes/mecha/mecha_head_Auto2.uasset" SILENT=false AUTOSAVING=true
[2017.07.11-21.41.42:904][971]LogSavePackage: Save=11.81ms
[2017.07.11-21.41.42:904][971]LogSavePackage: Moving 'E:/documents/mechaCity/mechaCity/Saved/mecha_head_Auto2A2C3F0F540391E65400B478780F6DC2C.tmp' to 'E:/documents/mechaCity/mechaCity/Saved/Autosaves/Game/meshes/mecha/mecha_head_Auto2.uasset'
[2017.07.11-21.41.42:905][971]LogSavePackage:Display: Finished SavePackage E:/documents/mechaCity/mechaCity/Saved/Autosaves/Game/meshes/mecha/mecha_head_Auto2.uasset
[2017.07.11-21.41.42:905][971]OBJ SavePackage: Generating thumbnails for [1] asset(s) in package [/Game/meshes/mecha/mecha_leg_L] ([1] browsable assets)...
[2017.07.11-21.41.42:916][971]OBJ SavePackage:     Rendered thumbnail for [StaticMesh /Game/meshes/mecha/mecha_leg_L.mecha_leg_L]
[2017.07.11-21.41.42:917][971]OBJ SavePackage: Finished generating thumbnails for package [/Game/meshes/mecha/mecha_leg_L]
[2017.07.11-21.41.42:917][971]Cmd: OBJ SAVEPACKAGE PACKAGE="/Game/meshes/mecha/mecha_leg_L" FILE="E:/documents/mechaCity/mechaCity/Saved/Autosaves/Game/meshes/mecha/mecha_leg_L_Auto2.uasset" SILENT=false AUTOSAVING=true
[2017.07.11-21.41.42:934][971]LogSavePackage: Save=11.47ms
[2017.07.11-21.41.42:934][971]LogSavePackage: Moving 'E:/documents/mechaCity/mechaCity/Saved/mecha_leg_L_Auto20EB520704EE6D46965B147A039F0C7B4.tmp' to 'E:/documents/mechaCity/mechaCity/Saved/Autosaves/Game/meshes/mecha/mecha_leg_L_Auto2.uasset'
[2017.07.11-21.41.42:936][971]LogSavePackage:Display: Finished SavePackage E:/documents/mechaCity/mechaCity/Saved/Autosaves/Game/meshes/mecha/mecha_leg_L_Auto2.uasset
[2017.07.11-21.41.42:936][971]OBJ SavePackage: Generating thumbnails for [1] asset(s) in package [/Game/meshes/mecha/mecha_leg_R] ([1] browsable assets)...
[2017.07.11-21.41.42:947][971]OBJ SavePackage:     Rendered thumbnail for [StaticMesh /Game/meshes/mecha/mecha_leg_R.mecha_leg_R]
[2017.07.11-21.41.42:947][971]OBJ SavePackage: Finished generating thumbnails for package [/Game/meshes/mecha/mecha_leg_R]
[2017.07.11-21.41.42:947][971]Cmd: OBJ SAVEPACKAGE PACKAGE="/Game/meshes/mecha/mecha_leg_R" FILE="E:/documents/mechaCity/mechaCity/Saved/Autosaves/Game/meshes/mecha/mecha_leg_R_Auto2.uasset" SILENT=false AUTOSAVING=true
[2017.07.11-21.41.42:965][971]LogSavePackage: Save=11.57ms
[2017.07.11-21.41.42:965][971]LogSavePackage: Moving 'E:/documents/mechaCity/mechaCity/Saved/mecha_leg_R_Auto27FD057DF46A89529946D88B28128C5DD.tmp' to 'E:/documents/mechaCity/mechaCity/Saved/Autosaves/Game/meshes/mecha/mecha_leg_R_Auto2.uasset'
[2017.07.11-21.41.42:965][971]LogSavePackage:Display: Finished SavePackage E:/documents/mechaCity/mechaCity/Saved/Autosaves/Game/meshes/mecha/mecha_leg_R_Auto2.uasset
[2017.07.11-21.41.42:966][971]OBJ SavePackage: Generating thumbnails for [1] asset(s) in package [/Game/meshes/mecha/mecha_shoulder_L] ([1] browsable assets)...
[2017.07.11-21.41.42:977][971]OBJ SavePackage:     Rendered thumbnail for [StaticMesh /Game/meshes/mecha/mecha_shoulder_L.mecha_shoulder_L]
[2017.07.11-21.41.42:977][971]OBJ SavePackage: Finished generating thumbnails for package [/Game/meshes/mecha/mecha_shoulder_L]
[2017.07.11-21.41.42:977][971]Cmd: OBJ SAVEPACKAGE PACKAGE="/Game/meshes/mecha/mecha_shoulder_L" FILE="E:/documents/mechaCity/mechaCity/Saved/Autosaves/Game/meshes/mecha/mecha_shoulder_L_Auto2.uasset" SILENT=false AUTOSAVING=true
[2017.07.11-21.41.42:996][971]LogSavePackage: Save=12.51ms
[2017.07.11-21.41.42:996][971]LogSavePackage: Moving 'E:/documents/mechaCity/mechaCity/Saved/mecha_shoulder_L_Auto26A6288974163465C9D177289FEFDC25E.tmp' to 'E:/documents/mechaCity/mechaCity/Saved/Autosaves/Game/meshes/mecha/mecha_shoulder_L_Auto2.uasset'
[2017.07.11-21.41.42:996][971]LogSavePackage:Display: Finished SavePackage E:/documents/mechaCity/mechaCity/Saved/Autosaves/Game/meshes/mecha/mecha_shoulder_L_Auto2.uasset
[2017.07.11-21.41.42:997][971]OBJ SavePackage: Generating thumbnails for [1] asset(s) in package [/Game/meshes/mecha/mecha_shoulder_R] ([1] browsable assets)...
[2017.07.11-21.41.43:008][971]OBJ SavePackage:     Rendered thumbnail for [StaticMesh /Game/meshes/mecha/mecha_shoulder_R.mecha_shoulder_R]
[2017.07.11-21.41.43:008][971]OBJ SavePackage: Finished generating thumbnails for package [/Game/meshes/mecha/mecha_shoulder_R]
[2017.07.11-21.41.43:008][971]Cmd: OBJ SAVEPACKAGE PACKAGE="/Game/meshes/mecha/mecha_shoulder_R" FILE="E:/documents/mechaCity/mechaCity/Saved/Autosaves/Game/meshes/mecha/mecha_shoulder_R_Auto2.uasset" SILENT=false AUTOSAVING=true
[2017.07.11-21.41.43:026][971]LogSavePackage: Save=12.00ms
[2017.07.11-21.41.43:026][971]LogSavePackage: Moving 'E:/documents/mechaCity/mechaCity/Saved/mecha_shoulder_R_Auto259CCF85A412E85AA6F2D7791318B3CCF.tmp' to 'E:/documents/mechaCity/mechaCity/Saved/Autosaves/Game/meshes/mecha/mecha_shoulder_R_Auto2.uasset'
[2017.07.11-21.41.43:026][971]LogSavePackage:Display: Finished SavePackage E:/documents/mechaCity/mechaCity/Saved/Autosaves/Game/meshes/mecha/mecha_shoulder_R_Auto2.uasset
[2017.07.11-21.41.43:026][971]OBJ SavePackage: Generating thumbnails for [1] asset(s) in package [/Game/meshes/mecha/mecha_pelvis] ([1] browsable assets)...
[2017.07.11-21.41.43:038][971]OBJ SavePackage:     Rendered thumbnail for [StaticMesh /Game/meshes/mecha/mecha_pelvis.mecha_pelvis]
[2017.07.11-21.41.43:038][971]OBJ SavePackage: Finished generating thumbnails for package [/Game/meshes/mecha/mecha_pelvis]
[2017.07.11-21.41.43:038][971]Cmd: OBJ SAVEPACKAGE PACKAGE="/Game/meshes/mecha/mecha_pelvis" FILE="E:/documents/mechaCity/mechaCity/Saved/Autosaves/Game/meshes/mecha/mecha_pelvis_Auto2.uasset" SILENT=false AUTOSAVING=true
[2017.07.11-21.41.43:051][971]LogSavePackage: Save=11.91ms
[2017.07.11-21.41.43:051][971]LogSavePackage: Moving 'E:/documents/mechaCity/mechaCity/Saved/mecha_pelvis_Auto235E13D9045D351F5EC7E46B3BC0AE42A.tmp' to 'E:/documents/mechaCity/mechaCity/Saved/Autosaves/Game/meshes/mecha/mecha_pelvis_Auto2.uasset'
[2017.07.11-21.41.43:051][971]LogSavePackage:Display: Finished SavePackage E:/documents/mechaCity/mechaCity/Saved/Autosaves/Game/meshes/mecha/mecha_pelvis_Auto2.uasset
[2017.07.11-21.41.43:051][971]LogFileHelpers: Auto-saving content packages took 0.306
[2017.07.11-21.43.04:012][114]Cmd: OBJ SAVEPACKAGE PACKAGE="/Game/scenes/mechaCity_start" FILE="E:/documents/mechaCity/mechaCity/Content/scenes/mechaCity_start.umap" SILENT=true AUTOSAVING=false KEEPDIRTY=false
[2017.07.11-21.43.04:916][114]LogSavePackage: Save=893.06ms
[2017.07.11-21.43.04:916][114]LogSavePackage: Moving 'E:/documents/mechaCity/mechaCity/Saved/mechaCity_start4DF84A6043432DD3CC87E2909C41EE73.tmp' to 'E:/documents/mechaCity/mechaCity/Content/scenes/mechaCity_start.umap'
[2017.07.11-21.43.04:930][114]LogSavePackage:Display: Finished SavePackage E:/documents/mechaCity/mechaCity/Content/scenes/mechaCity_start.umap
[2017.07.11-21.43.04:953][114]Cmd: OBJ SAVEPACKAGE PACKAGE="/Game/scenes/mechaCity_start_BuiltData" FILE="E:/documents/mechaCity/mechaCity/Content/scenes/mechaCity_start_BuiltData.uasset" SILENT=true
[2017.07.11-21.43.09:160][114]LogSavePackage: Save=3788.19ms
[2017.07.11-21.43.09:160][114]LogSavePackage: Moving 'E:/documents/mechaCity/mechaCity/Saved/mechaCity_start_BuiltData28816A0A4D756258B2CDACBA88C9C5D3.tmp' to 'E:/documents/mechaCity/mechaCity/Content/scenes/mechaCity_start_BuiltData.uasset'
[2017.07.11-21.43.09:165][114]LogSavePackage:Display: Finished SavePackage E:/documents/mechaCity/mechaCity/Content/scenes/mechaCity_start_BuiltData.uasset
